2022-09-07 08:04:34,695 DEBUG 24176 --- [background-preinit            ] o.h.v.i.xml.config.ValidationXmlParser   : Trying to load META-INF/validation.xml for XML based Validator configuration.
2022-09-07 08:04:34,711 DEBUG 24176 --- [background-preinit            ] o.h.v.i.xml.config.ResourceLoaderHelper  : Trying to load META-INF/validation.xml via TCCL
2022-09-07 08:04:34,713 DEBUG 24176 --- [background-preinit            ] o.h.v.i.xml.config.ResourceLoaderHelper  : Trying to load META-INF/validation.xml via Hibernate Validator's class loader
2022-09-07 08:04:34,714 DEBUG 24176 --- [background-preinit            ] o.h.v.i.xml.config.ValidationXmlParser   : No META-INF/validation.xml found. Using annotation based configuration only.
2022-09-07 08:04:34,723  INFO 24176 --- [restartedMain                 ] c.eureka.server.EurekaServerApplication  : Starting EurekaServerApplication using Java 17.0.2 on DESKTOP-PAITRE4 with PID 24176 (D:\Desarrollo\Eclipse\PlayGround\eureka-server\target\classes started by merybella in D:\Desarrollo\Eclipse\PlayGround\eureka-server)
2022-09-07 08:04:34,741  INFO 24176 --- [restartedMain                 ] c.eureka.server.EurekaServerApplication  : No active profile set, falling back to default profiles: default
2022-09-07 08:04:34,749 DEBUG 24176 --- [background-preinit            ] o.h.v.i.e.resolver.TraversableResolvers  : Cannot find javax.persistence.Persistence on classpath. Assuming non JPA 2 environment. All properties will per default be traversable.
2022-09-07 08:04:34,807 DEBUG 24176 --- [background-preinit            ] .h.v.m.ResourceBundleMessageInterpolator : Loaded expression factory via original TCCL
2022-09-07 08:04:34,838  INFO 24176 --- [restartedMain                 ] .e.DevToolsPropertyDefaultsPostProcessor : Devtools property defaults active! Set 'spring.devtools.add-properties' to 'false' to disable
2022-09-07 08:04:34,838  INFO 24176 --- [restartedMain                 ] .e.DevToolsPropertyDefaultsPostProcessor : For additional web related logging consider setting the 'logging.level.web' property to 'DEBUG'
2022-09-07 08:04:34,974 DEBUG 24176 --- [background-preinit            ] .i.e.ValidatorFactoryConfigurationHelper : HV000252: Using org.hibernate.validator.internal.engine.DefaultPropertyNodeNameProvider as property node name provider.
2022-09-07 08:04:34,987 DEBUG 24176 --- [background-preinit            ] .i.e.ValidatorFactoryConfigurationHelper : HV000234: Using org.hibernate.validator.messageinterpolation.ResourceBundleMessageInterpolator as ValidatorFactory-scoped message interpolator.
2022-09-07 08:04:34,988 DEBUG 24176 --- [background-preinit            ] .i.e.ValidatorFactoryConfigurationHelper : HV000234: Using org.hibernate.validator.internal.engine.resolver.TraverseAllTraversableResolver as ValidatorFactory-scoped traversable resolver.
2022-09-07 08:04:34,988 DEBUG 24176 --- [background-preinit            ] .i.e.ValidatorFactoryConfigurationHelper : HV000234: Using org.hibernate.validator.internal.util.ExecutableParameterNameProvider as ValidatorFactory-scoped parameter name provider.
2022-09-07 08:04:34,989 DEBUG 24176 --- [background-preinit            ] .i.e.ValidatorFactoryConfigurationHelper : HV000234: Using org.hibernate.validator.internal.engine.DefaultClockProvider as ValidatorFactory-scoped clock provider.
2022-09-07 08:04:34,989 DEBUG 24176 --- [background-preinit            ] .i.e.ValidatorFactoryConfigurationHelper : HV000234: Using org.hibernate.validator.internal.engine.scripting.DefaultScriptEvaluatorFactory as ValidatorFactory-scoped script evaluator factory.
2022-09-07 08:04:36,219  INFO 24176 --- [restartedMain                 ] o.s.cloud.context.scope.GenericScope     : BeanFactory id=0cc49a46-62de-39ef-ae9b-4b47055bb38c
2022-09-07 08:04:36,750  INFO 24176 --- [restartedMain                 ] o.s.b.w.embedded.tomcat.TomcatWebServer  : Tomcat initialized with port(s): 8761 (http)
2022-09-07 08:04:36,764  INFO 24176 --- [restartedMain                 ] o.apache.catalina.core.StandardService   : Starting service [Tomcat]
2022-09-07 08:04:36,807  INFO 24176 --- [restartedMain                 ] org.apache.catalina.core.StandardEngine  : Starting Servlet engine: [Apache Tomcat/9.0.41]
2022-09-07 08:04:36,939  INFO 24176 --- [restartedMain                 ] o.a.c.c.C.[Tomcat].[localhost].[/]       : Initializing Spring embedded WebApplicationContext
2022-09-07 08:04:36,939  INFO 24176 --- [restartedMain                 ] w.s.c.ServletWebServerApplicationContext : Root WebApplicationContext: initialization completed in 2100 ms
2022-09-07 08:04:37,643  INFO 24176 --- [restartedMain                 ] c.s.j.s.i.a.WebApplicationImpl           : Initiating Jersey application, version 'Jersey: 1.19.4 05/24/2017 03:20 PM'
2022-09-07 08:04:37,723  INFO 24176 --- [restartedMain                 ] c.n.d.provider.DiscoveryJerseyProvider   : Using JSON encoding codec LegacyJacksonJson
2022-09-07 08:04:37,724  INFO 24176 --- [restartedMain                 ] c.n.d.provider.DiscoveryJerseyProvider   : Using JSON decoding codec LegacyJacksonJson
2022-09-07 08:04:37,954  INFO 24176 --- [restartedMain                 ] c.n.d.provider.DiscoveryJerseyProvider   : Using XML encoding codec XStreamXml
2022-09-07 08:04:37,955  INFO 24176 --- [restartedMain                 ] c.n.d.provider.DiscoveryJerseyProvider   : Using XML decoding codec XStreamXml
2022-09-07 08:04:38,335 DEBUG 24176 --- [restartedMain                 ] .h.v.m.ResourceBundleMessageInterpolator : Loaded expression factory via original TCCL
2022-09-07 08:04:38,339 DEBUG 24176 --- [restartedMain                 ] o.h.v.i.e.AbstractConfigurationImpl      : Setting custom MessageInterpolator of type org.springframework.validation.beanvalidation.LocaleContextMessageInterpolator
2022-09-07 08:04:38,340 DEBUG 24176 --- [restartedMain                 ] o.h.v.i.e.AbstractConfigurationImpl      : Setting custom ConstraintValidatorFactory of type org.springframework.validation.beanvalidation.SpringConstraintValidatorFactory
2022-09-07 08:04:38,340 DEBUG 24176 --- [restartedMain                 ] o.h.v.i.e.AbstractConfigurationImpl      : Setting custom ParameterNameProvider of type org.springframework.validation.beanvalidation.LocalValidatorFactoryBean$1
2022-09-07 08:04:38,341 DEBUG 24176 --- [restartedMain                 ] o.h.v.i.xml.config.ValidationXmlParser   : Trying to load META-INF/validation.xml for XML based Validator configuration.
2022-09-07 08:04:38,342 DEBUG 24176 --- [restartedMain                 ] o.h.v.i.xml.config.ResourceLoaderHelper  : Trying to load META-INF/validation.xml via user class loader
2022-09-07 08:04:38,342 DEBUG 24176 --- [restartedMain                 ] o.h.v.i.xml.config.ResourceLoaderHelper  : Trying to load META-INF/validation.xml via TCCL
2022-09-07 08:04:38,342 DEBUG 24176 --- [restartedMain                 ] o.h.v.i.xml.config.ResourceLoaderHelper  : Trying to load META-INF/validation.xml via Hibernate Validator's class loader
2022-09-07 08:04:38,342 DEBUG 24176 --- [restartedMain                 ] o.h.v.i.xml.config.ValidationXmlParser   : No META-INF/validation.xml found. Using annotation based configuration only.
2022-09-07 08:04:38,343 DEBUG 24176 --- [restartedMain                 ] o.h.v.i.e.resolver.TraversableResolvers  : Cannot find javax.persistence.Persistence on classpath. Assuming non JPA 2 environment. All properties will per default be traversable.
2022-09-07 08:04:38,345 DEBUG 24176 --- [restartedMain                 ] .i.e.ValidatorFactoryConfigurationHelper : HV000252: Using org.hibernate.validator.internal.engine.DefaultPropertyNodeNameProvider as property node name provider.
2022-09-07 08:04:38,346 DEBUG 24176 --- [restartedMain                 ] .i.e.ValidatorFactoryConfigurationHelper : HV000234: Using org.springframework.validation.beanvalidation.LocaleContextMessageInterpolator as ValidatorFactory-scoped message interpolator.
2022-09-07 08:04:38,346 DEBUG 24176 --- [restartedMain                 ] .i.e.ValidatorFactoryConfigurationHelper : HV000234: Using org.hibernate.validator.internal.engine.resolver.TraverseAllTraversableResolver as ValidatorFactory-scoped traversable resolver.
2022-09-07 08:04:38,347 DEBUG 24176 --- [restartedMain                 ] .i.e.ValidatorFactoryConfigurationHelper : HV000234: Using org.hibernate.validator.internal.util.ExecutableParameterNameProvider as ValidatorFactory-scoped parameter name provider.
2022-09-07 08:04:38,347 DEBUG 24176 --- [restartedMain                 ] .i.e.ValidatorFactoryConfigurationHelper : HV000234: Using org.hibernate.validator.internal.engine.DefaultClockProvider as ValidatorFactory-scoped clock provider.
2022-09-07 08:04:38,347 DEBUG 24176 --- [restartedMain                 ] .i.e.ValidatorFactoryConfigurationHelper : HV000234: Using org.hibernate.validator.internal.engine.scripting.DefaultScriptEvaluatorFactory as ValidatorFactory-scoped script evaluator factory.
2022-09-07 08:04:38,624  INFO 24176 --- [restartedMain                 ] o.s.s.concurrent.ThreadPoolTaskExecutor  : Initializing ExecutorService 'applicationTaskExecutor'
2022-09-07 08:04:38,635 DEBUG 24176 --- [restartedMain                 ] s.w.s.m.m.a.RequestMappingHandlerAdapter : ControllerAdvice beans: 0 @ModelAttribute, 0 @InitBinder, 1 RequestBodyAdvice, 1 ResponseBodyAdvice
2022-09-07 08:04:38,727 TRACE 24176 --- [restartedMain                 ] s.w.s.m.m.a.RequestMappingHandlerMapping : 
	o.s.b.a.w.s.e.BasicErrorController:
	{ [/error]}: error(HttpServletRequest)
	{ [/error], produces [text/html]}: errorHtml(HttpServletRequest,HttpServletResponse)
2022-09-07 08:04:38,734 TRACE 24176 --- [restartedMain                 ] s.w.s.m.m.a.RequestMappingHandlerMapping : 
	o.s.c.n.e.s.EurekaController:
	{GET [/]}: status(HttpServletRequest,Map)
	{GET [/lastn]}: lastn(HttpServletRequest,Map)
2022-09-07 08:04:38,735 DEBUG 24176 --- [restartedMain                 ] s.w.s.m.m.a.RequestMappingHandlerMapping : 4 mappings in 'requestMappingHandlerMapping'
2022-09-07 08:04:38,762 DEBUG 24176 --- [restartedMain                 ] o.s.w.s.h.BeanNameUrlHandlerMapping      : Detected 0 mappings in 'beanNameHandlerMapping'
2022-09-07 08:04:38,781 TRACE 24176 --- [restartedMain                 ] o.s.w.s.handler.SimpleUrlHandlerMapping  : Mapped [/webjars/**] onto ResourceHttpRequestHandler [class path resource [META-INF/resources/webjars/]]
2022-09-07 08:04:38,781 TRACE 24176 --- [restartedMain                 ] o.s.w.s.handler.SimpleUrlHandlerMapping  : Mapped [/**] onto ResourceHttpRequestHandler [class path resource [META-INF/resources/], class path resource [resources/], class path resource [static/], class path resource [public/], ServletContext resource [/]]
2022-09-07 08:04:38,781 DEBUG 24176 --- [restartedMain                 ] o.s.w.s.handler.SimpleUrlHandlerMapping  : Patterns [/webjars/**, /**] in 'resourceHandlerMapping'
2022-09-07 08:04:38,797 DEBUG 24176 --- [restartedMain                 ] .m.m.a.ExceptionHandlerExceptionResolver : ControllerAdvice beans: 0 @ExceptionHandler, 1 ResponseBodyAdvice
2022-09-07 08:04:39,449 DEBUG 24176 --- [restartedMain                 ] o.s.w.s.v.f.FreeMarkerConfigurer         : File system access not preferred: using SpringTemplateLoader
2022-09-07 08:04:39,486  INFO 24176 --- [restartedMain                 ] o.s.b.d.a.OptionalLiveReloadServer       : LiveReload server is running on port 35729
2022-09-07 08:04:39,697  INFO 24176 --- [restartedMain                 ] DiscoveryClientOptionalArgsConfiguration : Eureka HTTP Client uses Jersey
2022-09-07 08:04:39,758  WARN 24176 --- [restartedMain                 ] iguration$LoadBalancerCaffeineWarnLogger : Spring Cloud LoadBalancer is currently working with the default cache. You can switch to using Caffeine cache, by adding it and org.springframework.cache.caffeine.CaffeineCacheManager to the classpath.
2022-09-07 08:04:39,781  INFO 24176 --- [restartedMain                 ] o.s.c.n.eureka.InstanceInfoFactory       : Setting initial instance status as: STARTING
2022-09-07 08:04:39,842  INFO 24176 --- [restartedMain                 ] com.netflix.discovery.DiscoveryClient    : Initializing Eureka in region us-east-1
2022-09-07 08:04:39,842  INFO 24176 --- [restartedMain                 ] com.netflix.discovery.DiscoveryClient    : Client configured to neither register nor query for data.
2022-09-07 08:04:39,857  INFO 24176 --- [restartedMain                 ] com.netflix.discovery.DiscoveryClient    : Discovery Client initialized at timestamp 1662555879856 with initial instances count: 0
2022-09-07 08:04:39,903  INFO 24176 --- [restartedMain                 ] c.n.eureka.DefaultEurekaServerContext    : Initializing ...
2022-09-07 08:04:39,905  INFO 24176 --- [restartedMain                 ] c.n.eureka.cluster.PeerEurekaNodes       : Adding new peer nodes [http://localhost:8761/eureka/]
2022-09-07 08:04:40,077  INFO 24176 --- [restartedMain                 ] c.n.d.provider.DiscoveryJerseyProvider   : Using JSON encoding codec LegacyJacksonJson
2022-09-07 08:04:40,078  INFO 24176 --- [restartedMain                 ] c.n.d.provider.DiscoveryJerseyProvider   : Using JSON decoding codec LegacyJacksonJson
2022-09-07 08:04:40,078  INFO 24176 --- [restartedMain                 ] c.n.d.provider.DiscoveryJerseyProvider   : Using XML encoding codec XStreamXml
2022-09-07 08:04:40,078  INFO 24176 --- [restartedMain                 ] c.n.d.provider.DiscoveryJerseyProvider   : Using XML decoding codec XStreamXml
2022-09-07 08:04:40,287  INFO 24176 --- [restartedMain                 ] c.n.eureka.cluster.PeerEurekaNodes       : Replica node URL:  http://localhost:8761/eureka/
2022-09-07 08:04:40,333  INFO 24176 --- [restartedMain                 ] c.n.e.registry.AbstractInstanceRegistry  : Finished initializing remote region registries. All known remote regions: []
2022-09-07 08:04:40,343  INFO 24176 --- [restartedMain                 ] c.n.eureka.DefaultEurekaServerContext    : Initialized
2022-09-07 08:04:40,355  INFO 24176 --- [restartedMain                 ] o.s.b.a.e.web.EndpointLinksResolver      : Exposing 2 endpoint(s) beneath base path '/actuator'
2022-09-07 08:04:40,439  INFO 24176 --- [restartedMain                 ] o.s.c.n.e.s.EurekaServiceRegistry        : Registering application EUREKA-SERVER with eureka with status UP
2022-09-07 08:04:40,442  INFO 24176 --- [Thread-15                     ] o.s.c.n.e.server.EurekaServerBootstrap   : Setting the eureka configuration..
2022-09-07 08:04:40,457  INFO 24176 --- [Thread-15                     ] o.s.c.n.e.server.EurekaServerBootstrap   : isAws returned false
2022-09-07 08:04:40,458  INFO 24176 --- [Thread-15                     ] o.s.c.n.e.server.EurekaServerBootstrap   : Initialized server context
2022-09-07 08:04:40,458  INFO 24176 --- [Thread-15                     ] c.n.e.r.PeerAwareInstanceRegistryImpl    : Got 1 instances from neighboring DS node
2022-09-07 08:04:40,458  INFO 24176 --- [Thread-15                     ] c.n.e.r.PeerAwareInstanceRegistryImpl    : Renew threshold is: 1
2022-09-07 08:04:40,458  INFO 24176 --- [Thread-15                     ] c.n.e.r.PeerAwareInstanceRegistryImpl    : Changing status to UP
2022-09-07 08:04:40,503  INFO 24176 --- [restartedMain                 ] o.s.b.w.embedded.tomcat.TomcatWebServer  : Tomcat started on port(s): 8761 (http) with context path ''
2022-09-07 08:04:40,504  INFO 24176 --- [restartedMain                 ] .s.c.n.e.s.EurekaAutoServiceRegistration : Updating port to 8761
2022-09-07 08:04:40,543  INFO 24176 --- [Thread-15                     ] e.s.EurekaServerInitializerConfiguration : Started Eureka Server
2022-09-07 08:04:40,755  INFO 24176 --- [restartedMain                 ] c.eureka.server.EurekaServerApplication  : Started EurekaServerApplication in 6.849 seconds (JVM running for 8.115)
2022-09-07 08:04:40,797  INFO 24176 --- [MI TCP Connection(3)-127.0.0.1] o.a.c.c.C.[Tomcat].[localhost].[/]       : Initializing Spring DispatcherServlet 'dispatcherServlet'
2022-09-07 08:04:40,797  INFO 24176 --- [MI TCP Connection(3)-127.0.0.1] o.s.web.servlet.DispatcherServlet        : Initializing Servlet 'dispatcherServlet'
2022-09-07 08:04:40,797 TRACE 24176 --- [MI TCP Connection(3)-127.0.0.1] o.s.web.servlet.DispatcherServlet        : Detected org.springframework.web.multipart.support.StandardServletMultipartResolver@14fb9c8f
2022-09-07 08:04:40,798 TRACE 24176 --- [MI TCP Connection(3)-127.0.0.1] o.s.web.servlet.DispatcherServlet        : Detected org.springframework.web.servlet.i18n.AcceptHeaderLocaleResolver@32e5532e
2022-09-07 08:04:40,798 TRACE 24176 --- [MI TCP Connection(3)-127.0.0.1] o.s.web.servlet.DispatcherServlet        : Detected org.springframework.web.servlet.theme.FixedThemeResolver@68bfc498
2022-09-07 08:04:40,799 TRACE 24176 --- [MI TCP Connection(3)-127.0.0.1] o.s.web.servlet.DispatcherServlet        : Detected DefaultRequestToViewNameTranslator
2022-09-07 08:04:40,800 TRACE 24176 --- [MI TCP Connection(3)-127.0.0.1] o.s.web.servlet.DispatcherServlet        : Detected SessionFlashMapManager
2022-09-07 08:04:40,800 DEBUG 24176 --- [MI TCP Connection(3)-127.0.0.1] o.s.web.servlet.DispatcherServlet        : enableLoggingRequestDetails='false': request parameters and headers will be masked to prevent unsafe logging of potentially sensitive data
2022-09-07 08:04:40,800  INFO 24176 --- [MI TCP Connection(3)-127.0.0.1] o.s.web.servlet.DispatcherServlet        : Completed initialization in 3 ms
2022-09-07 08:05:40,459  INFO 24176 --- [Eureka-EvictionTimer          ] c.n.e.registry.AbstractInstanceRegistry  : Running the evict task with compensationTime 0ms
2022-09-07 08:06:40,462  INFO 24176 --- [Eureka-EvictionTimer          ] c.n.e.registry.AbstractInstanceRegistry  : Running the evict task with compensationTime 2ms
2022-09-07 08:07:40,470  INFO 24176 --- [Eureka-EvictionTimer          ] c.n.e.registry.AbstractInstanceRegistry  : Running the evict task with compensationTime 8ms
2022-09-07 08:08:40,483  INFO 24176 --- [Eureka-EvictionTimer          ] c.n.e.registry.AbstractInstanceRegistry  : Running the evict task with compensationTime 12ms
2022-09-07 08:09:40,491  INFO 24176 --- [Eureka-EvictionTimer          ] c.n.e.registry.AbstractInstanceRegistry  : Running the evict task with compensationTime 8ms
2022-09-07 08:10:40,492  INFO 24176 --- [Eureka-EvictionTimer          ] c.n.e.registry.AbstractInstanceRegistry  : Running the evict task with compensationTime 0ms
2022-09-07 08:11:40,507  INFO 24176 --- [Eureka-EvictionTimer          ] c.n.e.registry.AbstractInstanceRegistry  : Running the evict task with compensationTime 15ms
2022-09-07 08:12:40,515  INFO 24176 --- [Eureka-EvictionTimer          ] c.n.e.registry.AbstractInstanceRegistry  : Running the evict task with compensationTime 7ms
2022-09-07 08:13:40,515  INFO 24176 --- [Eureka-EvictionTimer          ] c.n.e.registry.AbstractInstanceRegistry  : Running the evict task with compensationTime 0ms
2022-09-07 08:14:40,526  INFO 24176 --- [Eureka-EvictionTimer          ] c.n.e.registry.AbstractInstanceRegistry  : Running the evict task with compensationTime 11ms
2022-09-07 08:15:40,528  INFO 24176 --- [Eureka-EvictionTimer          ] c.n.e.registry.AbstractInstanceRegistry  : Running the evict task with compensationTime 2ms
2022-09-07 08:16:40,529  INFO 24176 --- [Eureka-EvictionTimer          ] c.n.e.registry.AbstractInstanceRegistry  : Running the evict task with compensationTime 0ms
2022-09-07 08:17:40,542  INFO 24176 --- [Eureka-EvictionTimer          ] c.n.e.registry.AbstractInstanceRegistry  : Running the evict task with compensationTime 13ms
2022-09-07 08:18:40,548  INFO 24176 --- [Eureka-EvictionTimer          ] c.n.e.registry.AbstractInstanceRegistry  : Running the evict task with compensationTime 6ms
2022-09-07 08:19:40,338  INFO 24176 --- [stry - RenewalThresholdUpdater] c.n.e.r.PeerAwareInstanceRegistryImpl    : Current renewal threshold is : 1
2022-09-07 08:19:40,557  INFO 24176 --- [Eureka-EvictionTimer          ] c.n.e.registry.AbstractInstanceRegistry  : Running the evict task with compensationTime 8ms
2022-09-07 08:20:40,557  INFO 24176 --- [Eureka-EvictionTimer          ] c.n.e.registry.AbstractInstanceRegistry  : Running the evict task with compensationTime 0ms
2022-09-07 08:21:40,558  INFO 24176 --- [Eureka-EvictionTimer          ] c.n.e.registry.AbstractInstanceRegistry  : Running the evict task with compensationTime 0ms
2022-09-07 08:22:40,559  INFO 24176 --- [Eureka-EvictionTimer          ] c.n.e.registry.AbstractInstanceRegistry  : Running the evict task with compensationTime 0ms
2022-09-07 08:23:40,559  INFO 24176 --- [Eureka-EvictionTimer          ] c.n.e.registry.AbstractInstanceRegistry  : Running the evict task with compensationTime 0ms
2022-09-07 08:24:40,560  INFO 24176 --- [Eureka-EvictionTimer          ] c.n.e.registry.AbstractInstanceRegistry  : Running the evict task with compensationTime 0ms
2022-09-07 08:25:40,560  INFO 24176 --- [Eureka-EvictionTimer          ] c.n.e.registry.AbstractInstanceRegistry  : Running the evict task with compensationTime 0ms
2022-09-07 08:26:40,561  INFO 24176 --- [Eureka-EvictionTimer          ] c.n.e.registry.AbstractInstanceRegistry  : Running the evict task with compensationTime 0ms
2022-09-07 08:27:40,561  INFO 24176 --- [Eureka-EvictionTimer          ] c.n.e.registry.AbstractInstanceRegistry  : Running the evict task with compensationTime 0ms
2022-09-07 08:28:40,562  INFO 24176 --- [Eureka-EvictionTimer          ] c.n.e.registry.AbstractInstanceRegistry  : Running the evict task with compensationTime 0ms
2022-09-07 08:29:40,563  INFO 24176 --- [Eureka-EvictionTimer          ] c.n.e.registry.AbstractInstanceRegistry  : Running the evict task with compensationTime 0ms
2022-09-07 08:30:40,563  INFO 24176 --- [Eureka-EvictionTimer          ] c.n.e.registry.AbstractInstanceRegistry  : Running the evict task with compensationTime 0ms
2022-09-07 08:31:40,564  INFO 24176 --- [Eureka-EvictionTimer          ] c.n.e.registry.AbstractInstanceRegistry  : Running the evict task with compensationTime 0ms
2022-09-07 08:32:40,564  INFO 24176 --- [Eureka-EvictionTimer          ] c.n.e.registry.AbstractInstanceRegistry  : Running the evict task with compensationTime 0ms
2022-09-07 08:33:40,564  INFO 24176 --- [Eureka-EvictionTimer          ] c.n.e.registry.AbstractInstanceRegistry  : Running the evict task with compensationTime 0ms
2022-09-07 08:34:40,334  INFO 24176 --- [stry - RenewalThresholdUpdater] c.n.e.r.PeerAwareInstanceRegistryImpl    : Current renewal threshold is : 1
2022-09-07 08:34:40,565  INFO 24176 --- [Eureka-EvictionTimer          ] c.n.e.registry.AbstractInstanceRegistry  : Running the evict task with compensationTime 0ms
2022-09-07 08:35:40,565  INFO 24176 --- [Eureka-EvictionTimer          ] c.n.e.registry.AbstractInstanceRegistry  : Running the evict task with compensationTime 0ms
2022-09-07 08:36:40,566  INFO 24176 --- [Eureka-EvictionTimer          ] c.n.e.registry.AbstractInstanceRegistry  : Running the evict task with compensationTime 0ms
2022-09-07 08:37:40,566  INFO 24176 --- [Eureka-EvictionTimer          ] c.n.e.registry.AbstractInstanceRegistry  : Running the evict task with compensationTime 0ms
2022-09-07 08:38:40,567  INFO 24176 --- [Eureka-EvictionTimer          ] c.n.e.registry.AbstractInstanceRegistry  : Running the evict task with compensationTime 0ms
2022-09-07 08:39:40,568  INFO 24176 --- [Eureka-EvictionTimer          ] c.n.e.registry.AbstractInstanceRegistry  : Running the evict task with compensationTime 0ms
2022-09-07 08:40:40,569  INFO 24176 --- [Eureka-EvictionTimer          ] c.n.e.registry.AbstractInstanceRegistry  : Running the evict task with compensationTime 0ms
2022-09-07 08:41:40,570  INFO 24176 --- [Eureka-EvictionTimer          ] c.n.e.registry.AbstractInstanceRegistry  : Running the evict task with compensationTime 0ms
2022-09-07 08:42:40,571  INFO 24176 --- [Eureka-EvictionTimer          ] c.n.e.registry.AbstractInstanceRegistry  : Running the evict task with compensationTime 0ms
2022-09-07 08:43:40,571  INFO 24176 --- [Eureka-EvictionTimer          ] c.n.e.registry.AbstractInstanceRegistry  : Running the evict task with compensationTime 0ms
2022-09-07 08:44:40,572  INFO 24176 --- [Eureka-EvictionTimer          ] c.n.e.registry.AbstractInstanceRegistry  : Running the evict task with compensationTime 0ms
2022-09-07 08:45:40,573  INFO 24176 --- [Eureka-EvictionTimer          ] c.n.e.registry.AbstractInstanceRegistry  : Running the evict task with compensationTime 0ms
2022-09-07 08:46:40,574  INFO 24176 --- [Eureka-EvictionTimer          ] c.n.e.registry.AbstractInstanceRegistry  : Running the evict task with compensationTime 0ms
2022-09-07 08:47:40,575  INFO 24176 --- [Eureka-EvictionTimer          ] c.n.e.registry.AbstractInstanceRegistry  : Running the evict task with compensationTime 0ms
2022-09-07 08:48:40,576  INFO 24176 --- [Eureka-EvictionTimer          ] c.n.e.registry.AbstractInstanceRegistry  : Running the evict task with compensationTime 0ms
2022-09-07 08:49:40,334  INFO 24176 --- [stry - RenewalThresholdUpdater] c.n.e.r.PeerAwareInstanceRegistryImpl    : Current renewal threshold is : 1
2022-09-07 08:49:40,576  INFO 24176 --- [Eureka-EvictionTimer          ] c.n.e.registry.AbstractInstanceRegistry  : Running the evict task with compensationTime 0ms
2022-09-07 08:50:40,586  INFO 24176 --- [Eureka-EvictionTimer          ] c.n.e.registry.AbstractInstanceRegistry  : Running the evict task with compensationTime 10ms
2022-09-07 08:51:40,593  INFO 24176 --- [Eureka-EvictionTimer          ] c.n.e.registry.AbstractInstanceRegistry  : Running the evict task with compensationTime 6ms
2022-09-07 08:52:40,608  INFO 24176 --- [Eureka-EvictionTimer          ] c.n.e.registry.AbstractInstanceRegistry  : Running the evict task with compensationTime 14ms
2022-09-07 08:53:40,614  INFO 24176 --- [Eureka-EvictionTimer          ] c.n.e.registry.AbstractInstanceRegistry  : Running the evict task with compensationTime 6ms
2022-09-07 08:54:40,622  INFO 24176 --- [Eureka-EvictionTimer          ] c.n.e.registry.AbstractInstanceRegistry  : Running the evict task with compensationTime 7ms
2022-09-07 08:55:40,631  INFO 24176 --- [Eureka-EvictionTimer          ] c.n.e.registry.AbstractInstanceRegistry  : Running the evict task with compensationTime 9ms
2022-09-07 08:56:40,640  INFO 24176 --- [Eureka-EvictionTimer          ] c.n.e.registry.AbstractInstanceRegistry  : Running the evict task with compensationTime 8ms
2022-09-07 08:57:40,641  INFO 24176 --- [Eureka-EvictionTimer          ] c.n.e.registry.AbstractInstanceRegistry  : Running the evict task with compensationTime 0ms
2022-09-07 08:58:40,641  INFO 24176 --- [Eureka-EvictionTimer          ] c.n.e.registry.AbstractInstanceRegistry  : Running the evict task with compensationTime 0ms
2022-09-07 08:59:40,641  INFO 24176 --- [Eureka-EvictionTimer          ] c.n.e.registry.AbstractInstanceRegistry  : Running the evict task with compensationTime 0ms
2022-09-07 09:00:40,653  INFO 24176 --- [Eureka-EvictionTimer          ] c.n.e.registry.AbstractInstanceRegistry  : Running the evict task with compensationTime 11ms
2022-09-07 09:01:40,656  INFO 24176 --- [Eureka-EvictionTimer          ] c.n.e.registry.AbstractInstanceRegistry  : Running the evict task with compensationTime 3ms
2022-09-07 09:02:40,664  INFO 24176 --- [Eureka-EvictionTimer          ] c.n.e.registry.AbstractInstanceRegistry  : Running the evict task with compensationTime 7ms
2022-09-07 09:03:40,670  INFO 24176 --- [Eureka-EvictionTimer          ] c.n.e.registry.AbstractInstanceRegistry  : Running the evict task with compensationTime 6ms
2022-09-07 09:04:40,340  INFO 24176 --- [stry - RenewalThresholdUpdater] c.n.e.r.PeerAwareInstanceRegistryImpl    : Current renewal threshold is : 1
2022-09-07 09:04:40,682  INFO 24176 --- [Eureka-EvictionTimer          ] c.n.e.registry.AbstractInstanceRegistry  : Running the evict task with compensationTime 11ms
2022-09-07 09:05:40,697  INFO 24176 --- [Eureka-EvictionTimer          ] c.n.e.registry.AbstractInstanceRegistry  : Running the evict task with compensationTime 15ms
2022-09-07 09:06:40,703  INFO 24176 --- [Eureka-EvictionTimer          ] c.n.e.registry.AbstractInstanceRegistry  : Running the evict task with compensationTime 5ms
2022-09-07 09:07:40,714  INFO 24176 --- [Eureka-EvictionTimer          ] c.n.e.registry.AbstractInstanceRegistry  : Running the evict task with compensationTime 11ms
2022-09-07 09:08:40,725  INFO 24176 --- [Eureka-EvictionTimer          ] c.n.e.registry.AbstractInstanceRegistry  : Running the evict task with compensationTime 10ms
2022-09-07 09:09:40,730  INFO 24176 --- [Eureka-EvictionTimer          ] c.n.e.registry.AbstractInstanceRegistry  : Running the evict task with compensationTime 5ms
2022-09-07 09:10:40,738  INFO 24176 --- [Eureka-EvictionTimer          ] c.n.e.registry.AbstractInstanceRegistry  : Running the evict task with compensationTime 8ms
2022-09-07 09:11:40,747  INFO 24176 --- [Eureka-EvictionTimer          ] c.n.e.registry.AbstractInstanceRegistry  : Running the evict task with compensationTime 8ms
2022-09-07 09:12:40,751  INFO 24176 --- [Eureka-EvictionTimer          ] c.n.e.registry.AbstractInstanceRegistry  : Running the evict task with compensationTime 4ms
2022-09-07 09:13:40,761  INFO 24176 --- [Eureka-EvictionTimer          ] c.n.e.registry.AbstractInstanceRegistry  : Running the evict task with compensationTime 10ms
2022-09-07 09:14:40,767  INFO 24176 --- [Eureka-EvictionTimer          ] c.n.e.registry.AbstractInstanceRegistry  : Running the evict task with compensationTime 5ms
2022-09-07 09:15:40,781  INFO 24176 --- [Eureka-EvictionTimer          ] c.n.e.registry.AbstractInstanceRegistry  : Running the evict task with compensationTime 14ms
2022-09-07 09:16:40,796  INFO 24176 --- [Eureka-EvictionTimer          ] c.n.e.registry.AbstractInstanceRegistry  : Running the evict task with compensationTime 14ms
2022-09-07 09:17:40,800  INFO 24176 --- [Eureka-EvictionTimer          ] c.n.e.registry.AbstractInstanceRegistry  : Running the evict task with compensationTime 3ms
2022-09-07 09:18:40,809  INFO 24176 --- [Eureka-EvictionTimer          ] c.n.e.registry.AbstractInstanceRegistry  : Running the evict task with compensationTime 9ms
2022-09-07 09:19:40,349  INFO 24176 --- [stry - RenewalThresholdUpdater] c.n.e.r.PeerAwareInstanceRegistryImpl    : Current renewal threshold is : 1
2022-09-07 09:19:40,821  INFO 24176 --- [Eureka-EvictionTimer          ] c.n.e.registry.AbstractInstanceRegistry  : Running the evict task with compensationTime 12ms
2022-09-07 09:20:40,829  INFO 24176 --- [Eureka-EvictionTimer          ] c.n.e.registry.AbstractInstanceRegistry  : Running the evict task with compensationTime 7ms
2022-09-07 09:21:40,840  INFO 24176 --- [Eureka-EvictionTimer          ] c.n.e.registry.AbstractInstanceRegistry  : Running the evict task with compensationTime 11ms
2022-09-07 09:22:40,851  INFO 24176 --- [Eureka-EvictionTimer          ] c.n.e.registry.AbstractInstanceRegistry  : Running the evict task with compensationTime 10ms
2022-09-07 09:23:40,864  INFO 24176 --- [Eureka-EvictionTimer          ] c.n.e.registry.AbstractInstanceRegistry  : Running the evict task with compensationTime 12ms
2022-09-07 09:24:40,876  INFO 24176 --- [Eureka-EvictionTimer          ] c.n.e.registry.AbstractInstanceRegistry  : Running the evict task with compensationTime 12ms
2022-09-07 09:25:40,889  INFO 24176 --- [Eureka-EvictionTimer          ] c.n.e.registry.AbstractInstanceRegistry  : Running the evict task with compensationTime 12ms
2022-09-07 09:26:40,895  INFO 24176 --- [Eureka-EvictionTimer          ] c.n.e.registry.AbstractInstanceRegistry  : Running the evict task with compensationTime 6ms
2022-09-07 09:27:40,899  INFO 24176 --- [Eureka-EvictionTimer          ] c.n.e.registry.AbstractInstanceRegistry  : Running the evict task with compensationTime 4ms
2022-09-07 09:28:40,906  INFO 24176 --- [Eureka-EvictionTimer          ] c.n.e.registry.AbstractInstanceRegistry  : Running the evict task with compensationTime 6ms
2022-09-07 09:29:40,906  INFO 24176 --- [Eureka-EvictionTimer          ] c.n.e.registry.AbstractInstanceRegistry  : Running the evict task with compensationTime 0ms
2022-09-07 09:30:40,922  INFO 24176 --- [Eureka-EvictionTimer          ] c.n.e.registry.AbstractInstanceRegistry  : Running the evict task with compensationTime 15ms
2022-09-07 09:31:40,927  INFO 24176 --- [Eureka-EvictionTimer          ] c.n.e.registry.AbstractInstanceRegistry  : Running the evict task with compensationTime 5ms
2022-09-07 09:32:40,933  INFO 24176 --- [Eureka-EvictionTimer          ] c.n.e.registry.AbstractInstanceRegistry  : Running the evict task with compensationTime 5ms
2022-09-07 09:33:40,936  INFO 24176 --- [Eureka-EvictionTimer          ] c.n.e.registry.AbstractInstanceRegistry  : Running the evict task with compensationTime 2ms
2022-09-07 09:34:40,351  INFO 24176 --- [stry - RenewalThresholdUpdater] c.n.e.r.PeerAwareInstanceRegistryImpl    : Current renewal threshold is : 1
2022-09-07 09:34:40,943  INFO 24176 --- [Eureka-EvictionTimer          ] c.n.e.registry.AbstractInstanceRegistry  : Running the evict task with compensationTime 7ms
2022-09-07 09:35:40,949  INFO 24176 --- [Eureka-EvictionTimer          ] c.n.e.registry.AbstractInstanceRegistry  : Running the evict task with compensationTime 6ms
2022-09-07 09:36:40,951  INFO 24176 --- [Eureka-EvictionTimer          ] c.n.e.registry.AbstractInstanceRegistry  : Running the evict task with compensationTime 1ms
2022-09-07 09:37:40,957  INFO 24176 --- [Eureka-EvictionTimer          ] c.n.e.registry.AbstractInstanceRegistry  : Running the evict task with compensationTime 6ms
2022-09-07 09:38:40,957  INFO 24176 --- [Eureka-EvictionTimer          ] c.n.e.registry.AbstractInstanceRegistry  : Running the evict task with compensationTime 0ms
2022-09-07 09:39:40,958  INFO 24176 --- [Eureka-EvictionTimer          ] c.n.e.registry.AbstractInstanceRegistry  : Running the evict task with compensationTime 0ms
2022-09-07 09:40:40,965  INFO 24176 --- [Eureka-EvictionTimer          ] c.n.e.registry.AbstractInstanceRegistry  : Running the evict task with compensationTime 7ms
2022-09-07 09:41:40,965  INFO 24176 --- [Eureka-EvictionTimer          ] c.n.e.registry.AbstractInstanceRegistry  : Running the evict task with compensationTime 0ms
2022-09-07 09:42:40,973  INFO 24176 --- [Eureka-EvictionTimer          ] c.n.e.registry.AbstractInstanceRegistry  : Running the evict task with compensationTime 8ms
2022-09-07 09:43:40,973  INFO 24176 --- [Eureka-EvictionTimer          ] c.n.e.registry.AbstractInstanceRegistry  : Running the evict task with compensationTime 0ms
2022-09-07 09:44:40,988  INFO 24176 --- [Eureka-EvictionTimer          ] c.n.e.registry.AbstractInstanceRegistry  : Running the evict task with compensationTime 15ms
2022-09-07 09:45:41,002  INFO 24176 --- [Eureka-EvictionTimer          ] c.n.e.registry.AbstractInstanceRegistry  : Running the evict task with compensationTime 13ms
2022-09-07 09:46:41,003  INFO 24176 --- [Eureka-EvictionTimer          ] c.n.e.registry.AbstractInstanceRegistry  : Running the evict task with compensationTime 1ms
2022-09-07 09:47:41,003  INFO 24176 --- [Eureka-EvictionTimer          ] c.n.e.registry.AbstractInstanceRegistry  : Running the evict task with compensationTime 0ms
2022-09-07 09:48:41,012  INFO 24176 --- [Eureka-EvictionTimer          ] c.n.e.registry.AbstractInstanceRegistry  : Running the evict task with compensationTime 8ms
2022-09-07 09:49:40,365  INFO 24176 --- [stry - RenewalThresholdUpdater] c.n.e.r.PeerAwareInstanceRegistryImpl    : Current renewal threshold is : 1
2022-09-07 09:49:41,020  INFO 24176 --- [Eureka-EvictionTimer          ] c.n.e.registry.AbstractInstanceRegistry  : Running the evict task with compensationTime 7ms
2022-09-07 09:50:41,033  INFO 24176 --- [Eureka-EvictionTimer          ] c.n.e.registry.AbstractInstanceRegistry  : Running the evict task with compensationTime 13ms
2022-09-07 09:51:41,033  INFO 24176 --- [Eureka-EvictionTimer          ] c.n.e.registry.AbstractInstanceRegistry  : Running the evict task with compensationTime 0ms
2022-09-07 09:52:41,044  INFO 24176 --- [Eureka-EvictionTimer          ] c.n.e.registry.AbstractInstanceRegistry  : Running the evict task with compensationTime 11ms
2022-09-07 09:53:41,049  INFO 24176 --- [Eureka-EvictionTimer          ] c.n.e.registry.AbstractInstanceRegistry  : Running the evict task with compensationTime 5ms
2022-09-07 09:54:41,049  INFO 24176 --- [Eureka-EvictionTimer          ] c.n.e.registry.AbstractInstanceRegistry  : Running the evict task with compensationTime 0ms
2022-09-07 09:55:41,055  INFO 24176 --- [Eureka-EvictionTimer          ] c.n.e.registry.AbstractInstanceRegistry  : Running the evict task with compensationTime 5ms
2022-09-07 09:56:41,062  INFO 24176 --- [Eureka-EvictionTimer          ] c.n.e.registry.AbstractInstanceRegistry  : Running the evict task with compensationTime 6ms
2022-09-07 09:57:41,062  INFO 24176 --- [Eureka-EvictionTimer          ] c.n.e.registry.AbstractInstanceRegistry  : Running the evict task with compensationTime 0ms
2022-09-07 09:58:41,063  INFO 24176 --- [Eureka-EvictionTimer          ] c.n.e.registry.AbstractInstanceRegistry  : Running the evict task with compensationTime 1ms
2022-09-07 09:59:41,070  INFO 24176 --- [Eureka-EvictionTimer          ] c.n.e.registry.AbstractInstanceRegistry  : Running the evict task with compensationTime 6ms
2022-09-07 10:00:41,072  INFO 24176 --- [Eureka-EvictionTimer          ] c.n.e.registry.AbstractInstanceRegistry  : Running the evict task with compensationTime 2ms
2022-09-07 10:01:41,087  INFO 24176 --- [Eureka-EvictionTimer          ] c.n.e.registry.AbstractInstanceRegistry  : Running the evict task with compensationTime 15ms
2022-09-07 10:02:41,097  INFO 24176 --- [Eureka-EvictionTimer          ] c.n.e.registry.AbstractInstanceRegistry  : Running the evict task with compensationTime 9ms
2022-09-07 10:03:41,098  INFO 24176 --- [Eureka-EvictionTimer          ] c.n.e.registry.AbstractInstanceRegistry  : Running the evict task with compensationTime 0ms
2022-09-07 10:04:40,375  INFO 24176 --- [stry - RenewalThresholdUpdater] c.n.e.r.PeerAwareInstanceRegistryImpl    : Current renewal threshold is : 1
2022-09-07 10:04:41,098  INFO 24176 --- [Eureka-EvictionTimer          ] c.n.e.registry.AbstractInstanceRegistry  : Running the evict task with compensationTime 0ms
2022-09-07 10:05:41,101  INFO 24176 --- [Eureka-EvictionTimer          ] c.n.e.registry.AbstractInstanceRegistry  : Running the evict task with compensationTime 2ms
2022-09-07 10:06:41,115  INFO 24176 --- [Eureka-EvictionTimer          ] c.n.e.registry.AbstractInstanceRegistry  : Running the evict task with compensationTime 13ms
2022-09-07 10:07:41,126  INFO 24176 --- [Eureka-EvictionTimer          ] c.n.e.registry.AbstractInstanceRegistry  : Running the evict task with compensationTime 11ms
2022-09-07 10:08:41,141  INFO 24176 --- [Eureka-EvictionTimer          ] c.n.e.registry.AbstractInstanceRegistry  : Running the evict task with compensationTime 14ms
2022-09-07 10:09:41,149  INFO 24176 --- [Eureka-EvictionTimer          ] c.n.e.registry.AbstractInstanceRegistry  : Running the evict task with compensationTime 7ms
2022-09-07 10:10:41,157  INFO 24176 --- [Eureka-EvictionTimer          ] c.n.e.registry.AbstractInstanceRegistry  : Running the evict task with compensationTime 7ms
2022-09-07 10:11:41,159  INFO 24176 --- [Eureka-EvictionTimer          ] c.n.e.registry.AbstractInstanceRegistry  : Running the evict task with compensationTime 2ms
2022-09-07 10:12:41,162  INFO 24176 --- [Eureka-EvictionTimer          ] c.n.e.registry.AbstractInstanceRegistry  : Running the evict task with compensationTime 3ms
2022-09-07 10:13:41,176  INFO 24176 --- [Eureka-EvictionTimer          ] c.n.e.registry.AbstractInstanceRegistry  : Running the evict task with compensationTime 13ms
2022-09-07 10:14:41,191  INFO 24176 --- [Eureka-EvictionTimer          ] c.n.e.registry.AbstractInstanceRegistry  : Running the evict task with compensationTime 15ms
2022-09-07 10:15:41,198  INFO 24176 --- [Eureka-EvictionTimer          ] c.n.e.registry.AbstractInstanceRegistry  : Running the evict task with compensationTime 6ms
2022-09-07 10:16:41,198  INFO 24176 --- [Eureka-EvictionTimer          ] c.n.e.registry.AbstractInstanceRegistry  : Running the evict task with compensationTime 0ms
2022-09-07 10:17:41,199  INFO 24176 --- [Eureka-EvictionTimer          ] c.n.e.registry.AbstractInstanceRegistry  : Running the evict task with compensationTime 0ms
2022-09-07 10:18:41,207  INFO 24176 --- [Eureka-EvictionTimer          ] c.n.e.registry.AbstractInstanceRegistry  : Running the evict task with compensationTime 8ms
2022-09-07 10:19:40,376  INFO 24176 --- [stry - RenewalThresholdUpdater] c.n.e.r.PeerAwareInstanceRegistryImpl    : Current renewal threshold is : 1
2022-09-07 10:19:41,207  INFO 24176 --- [Eureka-EvictionTimer          ] c.n.e.registry.AbstractInstanceRegistry  : Running the evict task with compensationTime 0ms
2022-09-07 10:20:41,214  INFO 24176 --- [Eureka-EvictionTimer          ] c.n.e.registry.AbstractInstanceRegistry  : Running the evict task with compensationTime 6ms
2022-09-07 10:21:41,229  INFO 24176 --- [Eureka-EvictionTimer          ] c.n.e.registry.AbstractInstanceRegistry  : Running the evict task with compensationTime 14ms
2022-09-07 10:22:41,232  INFO 24176 --- [Eureka-EvictionTimer          ] c.n.e.registry.AbstractInstanceRegistry  : Running the evict task with compensationTime 3ms
2022-09-07 10:23:41,239  INFO 24176 --- [Eureka-EvictionTimer          ] c.n.e.registry.AbstractInstanceRegistry  : Running the evict task with compensationTime 7ms
2022-09-07 10:24:41,249  INFO 24176 --- [Eureka-EvictionTimer          ] c.n.e.registry.AbstractInstanceRegistry  : Running the evict task with compensationTime 10ms
2022-09-07 10:25:41,254  INFO 24176 --- [Eureka-EvictionTimer          ] c.n.e.registry.AbstractInstanceRegistry  : Running the evict task with compensationTime 4ms
2022-09-07 10:26:41,261  INFO 24176 --- [Eureka-EvictionTimer          ] c.n.e.registry.AbstractInstanceRegistry  : Running the evict task with compensationTime 7ms
2022-09-07 10:27:41,269  INFO 24176 --- [Eureka-EvictionTimer          ] c.n.e.registry.AbstractInstanceRegistry  : Running the evict task with compensationTime 7ms
2022-09-07 10:28:41,282  INFO 24176 --- [Eureka-EvictionTimer          ] c.n.e.registry.AbstractInstanceRegistry  : Running the evict task with compensationTime 13ms
2022-09-07 10:29:41,282  INFO 24176 --- [Eureka-EvictionTimer          ] c.n.e.registry.AbstractInstanceRegistry  : Running the evict task with compensationTime 0ms
2022-09-07 10:30:41,283  INFO 24176 --- [Eureka-EvictionTimer          ] c.n.e.registry.AbstractInstanceRegistry  : Running the evict task with compensationTime 1ms
2022-09-07 10:31:41,296  INFO 24176 --- [Eureka-EvictionTimer          ] c.n.e.registry.AbstractInstanceRegistry  : Running the evict task with compensationTime 12ms
2022-09-07 10:32:41,296  INFO 24176 --- [Eureka-EvictionTimer          ] c.n.e.registry.AbstractInstanceRegistry  : Running the evict task with compensationTime 0ms
2022-09-07 10:33:02,870  INFO 24176 --- [http-nio-8761-exec-2          ] c.n.e.registry.AbstractInstanceRegistry  : Registered instance SERVICIO-PRODUCTOS/servicio-productos:773e7c5e5389b1a40f431699d03fb618 with status UP (replication=false)
2022-09-07 10:33:03,564  INFO 24176 --- [http-nio-8761-exec-3          ] c.n.e.registry.AbstractInstanceRegistry  : Registered instance SERVICIO-PRODUCTOS/servicio-productos:773e7c5e5389b1a40f431699d03fb618 with status UP (replication=true)
2022-09-07 10:33:41,297  INFO 24176 --- [Eureka-EvictionTimer          ] c.n.e.registry.AbstractInstanceRegistry  : Running the evict task with compensationTime 0ms
2022-09-07 10:34:40,376  INFO 24176 --- [stry - RenewalThresholdUpdater] c.n.e.r.PeerAwareInstanceRegistryImpl    : Current renewal threshold is : 3
2022-09-07 10:34:41,297  INFO 24176 --- [Eureka-EvictionTimer          ] c.n.e.registry.AbstractInstanceRegistry  : Running the evict task with compensationTime 0ms
2022-09-07 10:35:41,301  INFO 24176 --- [Eureka-EvictionTimer          ] c.n.e.registry.AbstractInstanceRegistry  : Running the evict task with compensationTime 4ms
2022-09-07 10:36:41,311  INFO 24176 --- [Eureka-EvictionTimer          ] c.n.e.registry.AbstractInstanceRegistry  : Running the evict task with compensationTime 9ms
2022-09-07 10:37:41,312  INFO 24176 --- [Eureka-EvictionTimer          ] c.n.e.registry.AbstractInstanceRegistry  : Running the evict task with compensationTime 1ms
2022-09-07 10:38:41,312  INFO 24176 --- [Eureka-EvictionTimer          ] c.n.e.registry.AbstractInstanceRegistry  : Running the evict task with compensationTime 0ms
2022-09-07 10:39:41,323  INFO 24176 --- [Eureka-EvictionTimer          ] c.n.e.registry.AbstractInstanceRegistry  : Running the evict task with compensationTime 10ms
2022-09-07 10:40:41,323  INFO 24176 --- [Eureka-EvictionTimer          ] c.n.e.registry.AbstractInstanceRegistry  : Running the evict task with compensationTime 0ms
2022-09-07 10:41:41,326  INFO 24176 --- [Eureka-EvictionTimer          ] c.n.e.registry.AbstractInstanceRegistry  : Running the evict task with compensationTime 2ms
2022-09-07 10:42:41,341  INFO 24176 --- [Eureka-EvictionTimer          ] c.n.e.registry.AbstractInstanceRegistry  : Running the evict task with compensationTime 14ms
2022-09-07 10:43:41,341  INFO 24176 --- [Eureka-EvictionTimer          ] c.n.e.registry.AbstractInstanceRegistry  : Running the evict task with compensationTime 0ms
2022-09-07 10:44:41,341  INFO 24176 --- [Eureka-EvictionTimer          ] c.n.e.registry.AbstractInstanceRegistry  : Running the evict task with compensationTime 0ms
2022-09-07 10:45:41,342  INFO 24176 --- [Eureka-EvictionTimer          ] c.n.e.registry.AbstractInstanceRegistry  : Running the evict task with compensationTime 1ms
2022-09-07 10:46:41,342  INFO 24176 --- [Eureka-EvictionTimer          ] c.n.e.registry.AbstractInstanceRegistry  : Running the evict task with compensationTime 0ms
2022-09-07 10:47:41,357  INFO 24176 --- [Eureka-EvictionTimer          ] c.n.e.registry.AbstractInstanceRegistry  : Running the evict task with compensationTime 14ms
2022-09-07 10:48:41,365  INFO 24176 --- [Eureka-EvictionTimer          ] c.n.e.registry.AbstractInstanceRegistry  : Running the evict task with compensationTime 8ms
2022-09-07 10:49:40,383  INFO 24176 --- [stry - RenewalThresholdUpdater] c.n.e.r.PeerAwareInstanceRegistryImpl    : Current renewal threshold is : 3
2022-09-07 10:49:41,366  INFO 24176 --- [Eureka-EvictionTimer          ] c.n.e.registry.AbstractInstanceRegistry  : Running the evict task with compensationTime 0ms
2022-09-07 10:50:31,084  INFO 24176 --- [http-nio-8761-exec-8          ] c.n.e.registry.AbstractInstanceRegistry  : Registered instance SERVICIO-GATEWAY-SERVER/host.docker.internal:servicio-gateway-server:8585 with status UP (replication=false)
2022-09-07 10:50:31,590  INFO 24176 --- [http-nio-8761-exec-9          ] c.n.e.registry.AbstractInstanceRegistry  : Registered instance SERVICIO-GATEWAY-SERVER/host.docker.internal:servicio-gateway-server:8585 with status UP (replication=true)
2022-09-07 10:50:41,380  INFO 24176 --- [Eureka-EvictionTimer          ] c.n.e.registry.AbstractInstanceRegistry  : Running the evict task with compensationTime 14ms
2022-09-07 10:51:41,380  INFO 24176 --- [Eureka-EvictionTimer          ] c.n.e.registry.AbstractInstanceRegistry  : Running the evict task with compensationTime 0ms
2022-09-07 10:52:41,392  INFO 24176 --- [Eureka-EvictionTimer          ] c.n.e.registry.AbstractInstanceRegistry  : Running the evict task with compensationTime 11ms
2022-09-07 10:53:41,393  INFO 24176 --- [Eureka-EvictionTimer          ] c.n.e.registry.AbstractInstanceRegistry  : Running the evict task with compensationTime 0ms
2022-09-07 10:54:41,393  INFO 24176 --- [Eureka-EvictionTimer          ] c.n.e.registry.AbstractInstanceRegistry  : Running the evict task with compensationTime 0ms
2022-09-07 10:55:41,394  INFO 24176 --- [Eureka-EvictionTimer          ] c.n.e.registry.AbstractInstanceRegistry  : Running the evict task with compensationTime 1ms
2022-09-07 10:56:41,394  INFO 24176 --- [Eureka-EvictionTimer          ] c.n.e.registry.AbstractInstanceRegistry  : Running the evict task with compensationTime 0ms
2022-09-07 10:57:41,405  INFO 24176 --- [Eureka-EvictionTimer          ] c.n.e.registry.AbstractInstanceRegistry  : Running the evict task with compensationTime 0ms
2022-09-07 10:58:41,394  INFO 24176 --- [Eureka-EvictionTimer          ] c.n.e.registry.AbstractInstanceRegistry  : Running the evict task with compensationTime 0ms
2022-09-07 10:59:41,402  INFO 24176 --- [Eureka-EvictionTimer          ] c.n.e.registry.AbstractInstanceRegistry  : Running the evict task with compensationTime 7ms
2022-09-07 11:00:41,402  INFO 24176 --- [Eureka-EvictionTimer          ] c.n.e.registry.AbstractInstanceRegistry  : Running the evict task with compensationTime 0ms
2022-09-07 11:01:41,415  INFO 24176 --- [Eureka-EvictionTimer          ] c.n.e.registry.AbstractInstanceRegistry  : Running the evict task with compensationTime 12ms
2022-09-07 11:02:41,415  INFO 24176 --- [Eureka-EvictionTimer          ] c.n.e.registry.AbstractInstanceRegistry  : Running the evict task with compensationTime 0ms
2022-09-07 11:03:41,416  INFO 24176 --- [Eureka-EvictionTimer          ] c.n.e.registry.AbstractInstanceRegistry  : Running the evict task with compensationTime 0ms
2022-09-07 11:04:40,391  INFO 24176 --- [stry - RenewalThresholdUpdater] c.n.e.r.PeerAwareInstanceRegistryImpl    : Current renewal threshold is : 5
2022-09-07 11:04:41,422  INFO 24176 --- [Eureka-EvictionTimer          ] c.n.e.registry.AbstractInstanceRegistry  : Running the evict task with compensationTime 6ms
2022-09-07 11:05:41,427  INFO 24176 --- [Eureka-EvictionTimer          ] c.n.e.registry.AbstractInstanceRegistry  : Running the evict task with compensationTime 5ms
2022-09-07 11:06:41,439  INFO 24176 --- [Eureka-EvictionTimer          ] c.n.e.registry.AbstractInstanceRegistry  : Running the evict task with compensationTime 11ms
2022-09-07 11:07:41,441  INFO 24176 --- [Eureka-EvictionTimer          ] c.n.e.registry.AbstractInstanceRegistry  : Running the evict task with compensationTime 2ms
2022-09-07 11:08:41,453  INFO 24176 --- [Eureka-EvictionTimer          ] c.n.e.registry.AbstractInstanceRegistry  : Running the evict task with compensationTime 12ms
2022-09-07 11:09:41,454  INFO 24176 --- [Eureka-EvictionTimer          ] c.n.e.registry.AbstractInstanceRegistry  : Running the evict task with compensationTime 0ms
2022-09-07 11:10:41,457  INFO 24176 --- [Eureka-EvictionTimer          ] c.n.e.registry.AbstractInstanceRegistry  : Running the evict task with compensationTime 3ms
2022-09-07 11:11:41,463  INFO 24176 --- [Eureka-EvictionTimer          ] c.n.e.registry.AbstractInstanceRegistry  : Running the evict task with compensationTime 6ms
2022-09-07 11:12:41,464  INFO 24176 --- [Eureka-EvictionTimer          ] c.n.e.registry.AbstractInstanceRegistry  : Running the evict task with compensationTime 0ms
2022-09-07 11:13:41,469  INFO 24176 --- [Eureka-EvictionTimer          ] c.n.e.registry.AbstractInstanceRegistry  : Running the evict task with compensationTime 5ms
2022-09-07 11:14:41,471  INFO 24176 --- [Eureka-EvictionTimer          ] c.n.e.registry.AbstractInstanceRegistry  : Running the evict task with compensationTime 2ms
2022-09-07 11:15:41,472  INFO 24176 --- [Eureka-EvictionTimer          ] c.n.e.registry.AbstractInstanceRegistry  : Running the evict task with compensationTime 0ms
2022-09-07 11:16:41,479  INFO 24176 --- [Eureka-EvictionTimer          ] c.n.e.registry.AbstractInstanceRegistry  : Running the evict task with compensationTime 6ms
2022-09-07 11:17:41,489  INFO 24176 --- [Eureka-EvictionTimer          ] c.n.e.registry.AbstractInstanceRegistry  : Running the evict task with compensationTime 10ms
2022-09-07 11:18:41,489  INFO 24176 --- [Eureka-EvictionTimer          ] c.n.e.registry.AbstractInstanceRegistry  : Running the evict task with compensationTime 0ms
2022-09-07 11:19:40,404  INFO 24176 --- [stry - RenewalThresholdUpdater] c.n.e.r.PeerAwareInstanceRegistryImpl    : Current renewal threshold is : 5
2022-09-07 11:19:41,494  INFO 24176 --- [Eureka-EvictionTimer          ] c.n.e.registry.AbstractInstanceRegistry  : Running the evict task with compensationTime 5ms
2022-09-07 11:20:41,494  INFO 24176 --- [Eureka-EvictionTimer          ] c.n.e.registry.AbstractInstanceRegistry  : Running the evict task with compensationTime 0ms
2022-09-07 11:21:41,495  INFO 24176 --- [Eureka-EvictionTimer          ] c.n.e.registry.AbstractInstanceRegistry  : Running the evict task with compensationTime 0ms
2022-09-07 11:22:41,496  INFO 24176 --- [Eureka-EvictionTimer          ] c.n.e.registry.AbstractInstanceRegistry  : Running the evict task with compensationTime 0ms
2022-09-07 11:23:41,496  INFO 24176 --- [Eureka-EvictionTimer          ] c.n.e.registry.AbstractInstanceRegistry  : Running the evict task with compensationTime 0ms
2022-09-07 11:24:41,496  INFO 24176 --- [Eureka-EvictionTimer          ] c.n.e.registry.AbstractInstanceRegistry  : Running the evict task with compensationTime 0ms
2022-09-07 11:25:41,497  INFO 24176 --- [Eureka-EvictionTimer          ] c.n.e.registry.AbstractInstanceRegistry  : Running the evict task with compensationTime 0ms
2022-09-07 11:26:41,497  INFO 24176 --- [Eureka-EvictionTimer          ] c.n.e.registry.AbstractInstanceRegistry  : Running the evict task with compensationTime 0ms
2022-09-07 11:27:41,498  INFO 24176 --- [Eureka-EvictionTimer          ] c.n.e.registry.AbstractInstanceRegistry  : Running the evict task with compensationTime 1ms
2022-09-07 11:28:41,498  INFO 24176 --- [Eureka-EvictionTimer          ] c.n.e.registry.AbstractInstanceRegistry  : Running the evict task with compensationTime 0ms
2022-09-07 11:29:41,498  INFO 24176 --- [Eureka-EvictionTimer          ] c.n.e.registry.AbstractInstanceRegistry  : Running the evict task with compensationTime 0ms
2022-09-07 11:30:41,499  INFO 24176 --- [Eureka-EvictionTimer          ] c.n.e.registry.AbstractInstanceRegistry  : Running the evict task with compensationTime 0ms
2022-09-07 11:31:41,500  INFO 24176 --- [Eureka-EvictionTimer          ] c.n.e.registry.AbstractInstanceRegistry  : Running the evict task with compensationTime 0ms
2022-09-07 11:32:41,501  INFO 24176 --- [Eureka-EvictionTimer          ] c.n.e.registry.AbstractInstanceRegistry  : Running the evict task with compensationTime 1ms
2022-09-07 11:33:41,501  INFO 24176 --- [Eureka-EvictionTimer          ] c.n.e.registry.AbstractInstanceRegistry  : Running the evict task with compensationTime 0ms
2022-09-07 11:34:40,447  INFO 24176 --- [stry - RenewalThresholdUpdater] c.n.e.r.PeerAwareInstanceRegistryImpl    : Current renewal threshold is : 5
2022-09-07 11:34:41,502  INFO 24176 --- [Eureka-EvictionTimer          ] c.n.e.registry.AbstractInstanceRegistry  : Running the evict task with compensationTime 0ms
2022-09-07 11:35:41,503  INFO 24176 --- [Eureka-EvictionTimer          ] c.n.e.registry.AbstractInstanceRegistry  : Running the evict task with compensationTime 0ms
2022-09-07 11:36:41,503  INFO 24176 --- [Eureka-EvictionTimer          ] c.n.e.registry.AbstractInstanceRegistry  : Running the evict task with compensationTime 0ms
2022-09-07 11:37:41,503  INFO 24176 --- [Eureka-EvictionTimer          ] c.n.e.registry.AbstractInstanceRegistry  : Running the evict task with compensationTime 0ms
2022-09-07 11:38:41,503  INFO 24176 --- [Eureka-EvictionTimer          ] c.n.e.registry.AbstractInstanceRegistry  : Running the evict task with compensationTime 0ms
2022-09-07 11:39:41,504  INFO 24176 --- [Eureka-EvictionTimer          ] c.n.e.registry.AbstractInstanceRegistry  : Running the evict task with compensationTime 0ms
2022-09-07 11:40:41,505  INFO 24176 --- [Eureka-EvictionTimer          ] c.n.e.registry.AbstractInstanceRegistry  : Running the evict task with compensationTime 0ms
2022-09-07 11:41:01,294  INFO 24176 --- [ TCP Connection(229)-127.0.0.1] inMXBeanRegistrar$SpringApplicationAdmin : Application shutdown requested.
2022-09-07 11:41:01,300  INFO 24176 --- [ TCP Connection(229)-127.0.0.1] o.s.c.n.e.s.EurekaServiceRegistry        : Unregistering application EUREKA-SERVER with eureka with status DOWN
2022-09-07 11:41:01,411  INFO 24176 --- [ TCP Connection(229)-127.0.0.1] o.s.c.n.e.server.EurekaServerBootstrap   : Shutting down Eureka Server..
2022-09-07 11:41:01,497  INFO 24176 --- [ TCP Connection(229)-127.0.0.1] c.n.eureka.DefaultEurekaServerContext    : Shutting down ...
2022-09-07 11:41:01,521  INFO 24176 --- [ TCP Connection(229)-127.0.0.1] com.netflix.servo.monitor.StatsMonitor   : Attempting to get the value for an expired monitor: eurekaServer.replication.batchSize.Will start computing stats again.
2022-09-07 11:41:01,546  INFO 24176 --- [ TCP Connection(229)-127.0.0.1] com.netflix.servo.monitor.StatsMonitor   : Attempting to get the value for an expired monitor: eurekaServer.replication.executionTime.Will start computing stats again.
2022-09-07 11:41:01,557  INFO 24176 --- [ TCP Connection(229)-127.0.0.1] com.netflix.servo.monitor.StatsMonitor   : Attempting to get the value for an expired monitor: eurekaServer.replication.executionTime.Will start computing stats again.
2022-09-07 11:41:01,566  INFO 24176 --- [ TCP Connection(229)-127.0.0.1] com.netflix.servo.monitor.StatsMonitor   : Attempting to get the value for an expired monitor: eurekaServer.replication.batchSize.Will start computing stats again.
2022-09-07 11:41:01,889  INFO 24176 --- [ TCP Connection(229)-127.0.0.1] c.n.eureka.DefaultEurekaServerContext    : Shut down
2022-09-07 11:41:01,889  INFO 24176 --- [ TCP Connection(229)-127.0.0.1] o.s.c.n.e.server.EurekaServerBootstrap   : Eureka Service is now shutdown...
2022-09-07 11:41:01,891  INFO 24176 --- [ TCP Connection(229)-127.0.0.1] c.n.eureka.DefaultEurekaServerContext    : Shutting down ...
2022-09-07 11:41:02,053  INFO 24176 --- [ TCP Connection(229)-127.0.0.1] c.n.eureka.DefaultEurekaServerContext    : Shut down
2022-09-07 11:41:02,200  INFO 24176 --- [ TCP Connection(229)-127.0.0.1] o.s.s.concurrent.ThreadPoolTaskExecutor  : Shutting down ExecutorService 'applicationTaskExecutor'
2022-09-07 11:41:02,221  INFO 24176 --- [ TCP Connection(229)-127.0.0.1] com.netflix.discovery.DiscoveryClient    : Shutting down DiscoveryClient ...
2022-09-07 11:41:02,246  INFO 24176 --- [ TCP Connection(229)-127.0.0.1] com.netflix.discovery.DiscoveryClient    : Completed shut down of DiscoveryClient
